// Spring Roo 1.3.1.RC1 [rev 4877cfb] log opened at 2015-02-23 09:09:06
project --topLevelPackage de.arbeitskraft --projectName JobListing --java 7 --packaging JAR
// Spring Roo 1.3.1.RC1 [rev 4877cfb] log closed at 2015-02-23 09:09:07
// Spring Roo 1.3.1.RC1 [rev 4877cfb] log opened at 2015-02-23 09:09:15
jpa setup --provider HIBERNATE --database HYPERSONIC_PERSISTENT
entity jpa --class ~.data.Leadership
field string --fieldName bezeichnung
field number --type long --fieldName nummer
entity jpa --class ~.data.SkillName
field string --fieldName bezeichnung
field number --type long --fieldName nummer
entity jpa --class ~.data.SkillLevel
field string --fieldName bezeichnung
field number --type long --fieldName nummer
entity jpa --class ~.data.Authority
field string --fieldName bezeichnung
field number --type long --fieldName nummer
entity jpa --class ~.data.WorkingPlan
field string --fieldName bezeichnung
field number --type long --fieldName nummer
entity jpa --class ~.data.SocialInsurance
field string --fieldName bezeichnung
field number --type long --fieldName nummer
entity jpa --class ~.data.Salutation
field string --fieldName bezeichnung
field number --type long --fieldName nummer
entity jpa --class ~.data.NAICS
field string --fieldName bezeichnung
field number --type long --fieldName nummer
entity jpa --class ~.data.LanguageLevel
field string --fieldName bezeichnung
field number --type long --fieldName nummer
entity jpa --class ~.data.TitleCode
field string --fieldName bezeichnung
field number --type long --fieldName nummer
entity jpa --class ~.data.Aktion
field string --fieldName bezeichnung
field number --type long --fieldName nummer
entity jpa --class ~.data.CountryCode
field string --fieldName bezeichnung
field number --type long --fieldName nummer
entity jpa --class ~.data.Status
field string --fieldName bezeichnung
field number --type long --fieldName nummer
entity jpa --class ~.data.LicenceLevel
field string --fieldName bezeichnung
field number --type long --fieldName nummer
entity jpa --class ~.data.Handicap
field string --fieldName bezeichnung
field number --type long --fieldName nummer
entity jpa --class ~.data.HiringOrgSize
field string --fieldName bezeichnung
field number --type long --fieldName nummer
entity jpa --class ~.data.KindOfApplication
field string --fieldName bezeichnung
field number --type long --fieldName nummer
entity jpa --class ~.data.Motorcycle
field string --fieldName bezeichnung
field number --type long --fieldName nummer
entity jpa --class ~.data.JobOfferType
field string --fieldName bezeichnung
field number --type long --fieldName nummer
entity jpa --class ~.data.BASupervision
field string --fieldName bezeichnung
field number --type long --fieldName nummer
entity jpa --class ~.data.TravelRequired
field string --fieldName bezeichnung
field number --type long --fieldName nummer
entity jpa --class ~.data.Degree
field string --fieldName bezeichnung
field number --type long --fieldName nummer
entity jpa --class ~.data.BudgetResp
field string --fieldName bezeichnung
field number --type long --fieldName nummer
entity jpa --class ~.data.SpecialEngagement
field string --fieldName bezeichnung
field number --type long --fieldName nummer
entity jpa --class ~.data.DrivingLicenceName
field string --fieldName bezeichnung
field number --type long --fieldName nummer
entity jpa --class ~.data.Truck
field string --fieldName bezeichnung
field number --type long --fieldName nummer
entity jpa --class ~.data.EduDegree
field string --fieldName bezeichnung
field number --type long --fieldName nummer
entity jpa --class ~.data.Housing
field string --fieldName bezeichnung
field number --type long --fieldName nummer
entity jpa --class ~.data.Omnibus
field string --fieldName bezeichnung
field number --type long --fieldName nummer
entity jpa --class ~.data.MiniJob
field string --fieldName bezeichnung
field number --type long --fieldName nummer
entity jpa --class ~.data.DrivingLicenceRequired
field string --fieldName bezeichnung
field number --type long --fieldName nummer
entity jpa --class ~.data.LeadershipType
field string --fieldName bezeichnung
field number --type long --fieldName nummer
entity jpa --class ~.data.DailyRate
field string --fieldName bezeichnung
field number --type long --fieldName nummer
entity jpa --class ~.data.SupervisionDesired
field string --fieldName bezeichnung
field number --type long --fieldName nummer
entity jpa --class ~.data.TakeOver
field string --fieldName bezeichnung
field number --type long --fieldName nummer
entity jpa --class ~.data.TemporaryOrRegular
field string --fieldName bezeichnung
field number --type long --fieldName nummer
entity jpa --class ~.data.LeadershipEx
field string --fieldName bezeichnung
field number --type long --fieldName nummer
entity jpa --class ~.data.Car
field string --fieldName bezeichnung
field number --type long --fieldName nummer
entity jpa --class ~.data.SupplierIndustrie
field string --fieldName bezeichnung
field number --type long --fieldName nummer
entity jpa --class ~.data.EducationAuthorisation
field string --fieldName bezeichnung
field number --type long --fieldName nummer
entity jpa --class ~.data.EmployeeResp
field string --fieldName bezeichnung
field number --type long --fieldName nummer
entity jpa --class ~.data.Region
field string --fieldName bezeichnung
field number --type long --fieldName nummer
entity jpa --class ~.data.EmployerPayscaleBound
field string --fieldName bezeichnung
field number --type long --fieldName nummer
entity jpa --class ~.data.LanguageName
field string --fieldName bezeichnung
field number --type long --fieldName nummer
entity jpa --class ~.data.LicenceName
field string --fieldName bezeichnung
field number --type long --fieldName nummer
entity jpa --class ~.data.TelecommuncationType
field string --fieldName IntlCode
field string --fieldName AreaCode
field string --fieldName TelNumber
entity jpa --class ~.data.AddressType
field reference --fieldName CountryCode --type ~.data.CountryCode
field string --fieldName PostalCode
field reference --fieldName Region --type ~.data.Region
field string --fieldName Municipality
field string --fieldName District
field string --fieldName AddressLine
field string --fieldName StreetName
field string --fieldName PostOfficeBox
entity jpa --class ~.data.JobPosting
field string --fieldName HRBAXMLJobPositionPosting
field string --fieldName Header
field string --fieldName JobPositionPosting
field string --fieldName DeleteEntry
field string --fieldName JobPositionPostingId
field string --fieldName HiringOrg
field string --fieldName HiringOrgName
field string --fieldName HiringOrgId
field string --fieldName ProfileWebSite
field reference --fieldName HiringOrgSize --type ~.data.HiringOrgSize
field string --fieldName Industry
field reference --fieldName NAICS --type ~.data.NAICS
field string --fieldName Contact
field reference --fieldName Salutation --type ~.data.Salutation
field string --fieldName Title
field string --fieldName GivenName
field string --fieldName NamePrefix
field string --fieldName FamilyName
field string --fieldName PositionTitle
field string --fieldName PostalAddress
field string --fieldName VoiceNumber
field string --fieldName MobilNumber
field string --fieldName FaxNumber
field string --fieldName EMail
field string --fieldName GeneralWebSite
field string --fieldName PostDetail
field string --fieldName StartDate
field string --fieldName EndDate
field string --fieldName LastModificationDate
field reference --fieldName Status --type ~.data.Status
field reference --fieldName Aktion --type ~.data.Aktion
field string --fieldName SupplierId
field string --fieldName SupplierName
field reference --fieldName SupplierIndustrie --type ~.data.SupplierIndustrie
field string --fieldName InternetReference
field string --fieldName PostedBy
field string --fieldName Contact
field string --fieldName Company
field reference --fieldName Salutation --type ~.data.Salutation
field string --fieldName Title
field string --fieldName GivenName
field string --fieldName NamePrefix
field string --fieldName FamilyName
field string --fieldName PositionTitle
field string --fieldName PostalAddress
field string --fieldName VoiceNumber
field string --fieldName MobilNumber
field string --fieldName FaxNumber
field string --fieldName EMail
field string --fieldName JobContactWebSite
field string --fieldName InterviewContact
field reference --fieldName Salutation --type ~.data.Salutation
field string --fieldName Title
field string --fieldName GivenName
field string --fieldName NamePrefix
field string --fieldName FamilyName
field string --fieldName PositionTitle
field string --fieldName VoiceNumber
field string --fieldName MobilNumber
field string --fieldName FaxNumber
field string --fieldName EMail
field string --fieldName InterviewLocation
field string --fieldName Location
field reference --fieldName CountryCode --type ~.data.CountryCode
field string --fieldName PostalCode
field reference --fieldName Region --type ~.data.Region
field string --fieldName Municipality
field string --fieldName District
field string --fieldName AddressLine
field string --fieldName StreetName
field string --fieldName Interview
field string --fieldName InterviewDate
field string --fieldName InterviewTime
field string --fieldName RoomNumber
field string --fieldName AdditionalInformation
field reference --fieldName BASupervision --type ~.data.BASupervision
field reference --fieldName SupervisionDesired --type ~.data.SupervisionDesired
field string --fieldName BAContact
field string --fieldName Department
field reference --fieldName Salutation --type ~.data.Salutation
field string --fieldName Title
field string --fieldName NamePrefix
field string --fieldName FamilyName
field string --fieldName PostalAddress
field reference --fieldName CountryCode --type ~.data.CountryCode
field string --fieldName PostalCode
field reference --fieldName Region --type ~.data.Region
field string --fieldName Municipality
field string --fieldName District
field string --fieldName AddressLine
field string --fieldName StreetName
field string --fieldName VoiceNumber
field string --fieldName FaxNumber
field string --fieldName EMail
field string --fieldName JobPositionInformation
field string --fieldName JobPositionTitle
field reference --fieldName TitleCode --type ~.data.TitleCode
field reference --fieldName Degree --type ~.data.Degree
field string --fieldName AlternativeJobPositionTitle
field reference --fieldName TitleCode --type ~.data.TitleCode
field reference --fieldName Degree --type ~.data.Degree
field string --fieldName JobPositionTitleDescription
field reference --fieldName JobOfferType --type ~.data.JobOfferType
field reference --fieldName SpecialEngagement --type ~.data.SpecialEngagement
field reference --fieldName SocialInsurance --type ~.data.SocialInsurance
field string --fieldName Objective
field reference --fieldName EducationAuthorisation --type ~.data.EducationAuthorisation
field string --fieldName JobPositionDescription
field string --fieldName JobPositionLocation
field string --fieldName Location
field reference --fieldName CountryCode --type ~.data.CountryCode
field string --fieldName PostalCode
field reference --fieldName Region --type ~.data.Region
field string --fieldName Municipality
field string --fieldName District
field string --fieldName AddressLine
field string --fieldName StreetName
field string --fieldName Application
field reference --fieldName KindOfApplication --type ~.data.KindOfApplication
field string --fieldName ApplicationStartDate
field string --fieldName ApplicationEndDate
field string --fieldName EnclosuresRequired
field reference --fieldName Leadership --type ~.data.Leadership
field reference --fieldName MiniJob --type ~.data.MiniJob
field string --fieldName Classification
field string --fieldName Schedule
field string --fieldName HoursPerWeek
field reference --fieldName WorkingPlan --type ~.data.WorkingPlan
field string --fieldName SummaryText
field string --fieldName Duration
field string --fieldName TermLength
field string --fieldName TermDate
field reference --fieldName TemporaryOrRegular --type ~.data.TemporaryOrRegular
field reference --fieldName TakeOver --type ~.data.TakeOver
field string --fieldName CompensationDescription
field string --fieldName Salary
field reference --fieldName DailyRate --type ~.data.DailyRate
field reference --fieldName EmployerPayscaleBound --type ~.data.EmployerPayscaleBound
field string --fieldName CollectiveAgreement
field reference --fieldName Housing --type ~.data.Housing
field string --fieldName JobPositionRequirements
field string --fieldName QualificationsRequired
field string --fieldName EducationQualifs
field reference --fieldName EduDegree --type ~.data.EduDegree
field string --fieldName EduDegreeRequired
field string --fieldName School
field string --fieldName SubjectGerman
field string --fieldName SubjectEnglish
field string --fieldName SubjectMaths
field string --fieldName OtherSubjects
field string --fieldName ManagementQualifs
field reference --fieldName LeadershipType --type ~.data.LeadershipType
field reference --fieldName Authority --type ~.data.Authority
field reference --fieldName LeadershipEx --type ~.data.LeadershipEx
field reference --fieldName BudgetResp --type ~.data.BudgetResp
field reference --fieldName EmployeeResp --type ~.data.EmployeeResp
field string --fieldName LanguageQualifs
field string --fieldName Language
field reference --fieldName LanguageName --type ~.data.LanguageName
field reference --fieldName LanguageLevel --type ~.data.LanguageLevel
field string --fieldName ProfessionalTrainingQualifs
field string --fieldName AdditionalInformation
field string --fieldName ProfessionalTraining
field string --fieldName Title
field reference --fieldName TitleCode --type ~.data.TitleCode
field reference --fieldName Degree --type ~.data.Degree
field string --fieldName Licences
field string --fieldName Licence
field reference --fieldName LicenceName --type ~.data.LicenceName
field reference --fieldName LicenceLevel --type ~.data.LicenceLevel
field string --fieldName CertificationQualifs
field string --fieldName Certification
field string --fieldName CertificationName
field string --fieldName Description
field string --fieldName SkillQualifs
field string --fieldName HardSkill
field reference --fieldName SkillName --type ~.data.SkillName
field reference --fieldName SkillLevel --type ~.data.SkillLevel
field string --fieldName SoftSkill
field reference --fieldName SkillName --type ~.data.SkillName
field string --fieldName Mobility
field string --fieldName DrivingLicence
field reference --fieldName DrivingLicenceName --type ~.data.DrivingLicenceName
field reference --fieldName DrivingLicenceRequired --type ~.data.DrivingLicenceRequired
field string --fieldName Vehicle
field reference --fieldName Car --type ~.data.Car
field reference --fieldName Motorcycle --type ~.data.Motorcycle
field reference --fieldName Truck --type ~.data.Truck
field reference --fieldName Omnibus --type ~.data.Omnibus
field string --fieldName ProfessionalExperience
field reference --fieldName TravelRequired --type ~.data.TravelRequired
field reference --fieldName Handicap --type ~.data.Handicap
field string --fieldName NumberToFill
field string --fieldName AssignmentStartDate
field string --fieldName AssignmentEndDate
field string --fieldName BAInternalInformation
field string --fieldName InternalInformation
field string --fieldName MaximumPlacementSuggestions
field string --fieldName PlacementSuggestionsIssued
field string --fieldName MatchingStrategy
web jsf setup --implementation APACHE_MYFACES --theme EGGPLANT 
web jsf all --package ~.jsf
