2015-03-23 06:02:25,725 [Worker-14] INFO  o.e.m.c.i.l.LifecycleMappingFactory - Using org.eclipse.m2e.jdt.JarLifecycleMapping lifecycle mapping for MavenProject: de.proiectus:JobRoo:0.1.0.BUILD-SNAPSHOT @ C:\wsroo\JobRoo\pom.xml.
2015-03-23 06:02:30,343 [Worker-14] INFO  o.e.m.j.i.AbstractJavaProjectConfigurator - Adding source folder /JobRoo/src/main/java
2015-03-23 06:02:30,345 [Worker-14] INFO  o.e.m.j.i.AbstractJavaProjectConfigurator - Adding resource folder /JobRoo/src/main/resources
2015-03-23 06:02:30,374 [Worker-14] INFO  o.e.m.j.i.AbstractJavaProjectConfigurator - Adding source folder /JobRoo/src/test/java
2015-03-23 06:02:30,401 [Worker-14] WARN  o.m.i.e.a.AjdtProjectConfigurator - File /JobRoo/src/main/aspect does not exist yet. Create it and re-run configuration.
2015-03-23 06:02:30,414 [Worker-14] WARN  o.m.i.e.a.AjdtProjectConfigurator - File /JobRoo/src/main/aspect does not exist yet. Create it and re-run configuration.
2015-03-23 06:02:32,682 [Worker-14] INFO  o.e.m.c.i.p.ProjectConfigurationManager - Update started
2015-03-23 06:02:34,315 [Worker-8] INFO  o.e.m.c.i.l.LifecycleMappingFactory - Using org.eclipse.m2e.jdt.JarLifecycleMapping lifecycle mapping for MavenProject: de.proiectus:JobRoo:0.1.0.BUILD-SNAPSHOT @ C:\wsroo\JobRoo\pom.xml.
2015-03-23 06:02:35,746 [Worker-8] INFO  o.e.m.c.i.embedder.EclipseLogger - Using 'UTF-8' encoding to copy filtered resources.
2015-03-23 06:02:35,762 [Worker-8] INFO  o.e.m.c.i.embedder.EclipseLogger - Copying 2 resources
2015-03-23 06:02:35,805 [Worker-8] INFO  o.e.m.c.i.embedder.EclipseLogger - Using 'UTF-8' encoding to copy filtered resources.
2015-03-23 06:02:35,805 [Worker-8] INFO  o.e.m.c.i.embedder.EclipseLogger - skip non existing resourceDirectory C:\wsroo\JobRoo\src\test\resources
2015-03-23 06:02:36,201 [Worker-14] INFO  o.e.m.c.i.l.LifecycleMappingFactory - Using org.eclipse.m2e.jdt.JarLifecycleMapping lifecycle mapping for MavenProject: de.proiectus:JobRoo:0.1.0.BUILD-SNAPSHOT @ C:\wsroo\JobRoo\pom.xml.
2015-03-23 06:02:37,469 [Worker-14] INFO  o.e.m.j.i.AbstractJavaProjectConfigurator - Adding source folder /JobRoo/src/main/java
2015-03-23 06:02:37,470 [Worker-14] INFO  o.e.m.j.i.AbstractJavaProjectConfigurator - Adding resource folder /JobRoo/src/main/resources
2015-03-23 06:02:37,475 [Worker-14] INFO  o.e.m.j.i.AbstractJavaProjectConfigurator - Adding source folder /JobRoo/src/test/java
2015-03-23 06:02:37,483 [Worker-14] WARN  o.m.i.e.a.AjdtProjectConfigurator - File /JobRoo/src/main/aspect does not exist yet. Create it and re-run configuration.
2015-03-23 06:02:37,495 [Worker-14] WARN  o.m.i.e.a.AjdtProjectConfigurator - File /JobRoo/src/main/aspect does not exist yet. Create it and re-run configuration.
2015-03-23 06:02:37,861 [Worker-14] INFO  o.e.m.c.i.p.ProjectConfigurationManager - Update completed: 5 sec
2015-03-23 06:02:38,947 [Worker-15] INFO  o.e.m.c.i.embedder.EclipseLogger - Using 'UTF-8' encoding to copy filtered resources.
2015-03-23 06:02:38,956 [Worker-15] INFO  o.e.m.c.i.embedder.EclipseLogger - Copying 2 resources
2015-03-23 06:02:38,978 [Worker-15] INFO  o.e.m.c.i.embedder.EclipseLogger - Using 'UTF-8' encoding to copy filtered resources.
2015-03-23 06:02:38,987 [Worker-15] INFO  o.e.m.c.i.embedder.EclipseLogger - skip non existing resourceDirectory C:\wsroo\JobRoo\src\test\resources
2015-03-24 15:43:46,744 [Worker-14] INFO  o.e.m.c.i.l.LifecycleMappingFactory - Using org.eclipse.m2e.jdt.JarLifecycleMapping lifecycle mapping for MavenProject: de.proiectus:JobRoo:0.1.0.BUILD-SNAPSHOT @ C:\wsroo\JobRoo\pom.xml.
2015-03-24 15:43:55,369 [Worker-12] INFO  o.e.m.c.i.embedder.EclipseLogger - Using 'UTF-8' encoding to copy filtered resources.
2015-03-24 15:43:55,385 [Worker-12] INFO  o.e.m.c.i.embedder.EclipseLogger - Copying 2 resources
2015-03-24 15:43:55,416 [Worker-12] INFO  o.e.m.c.i.embedder.EclipseLogger - Using 'UTF-8' encoding to copy filtered resources.
2015-03-24 15:43:55,416 [Worker-12] INFO  o.e.m.c.i.embedder.EclipseLogger - skip non existing resourceDirectory C:\wsroo\JobRoo\src\test\resources
2015-03-24 15:59:16,819 [Start Help Server] INFO  org.eclipse.jetty.server.Server - jetty-8.1.14.v20131031
2015-03-24 15:59:17,116 [Start Help Server] INFO  o.e.jetty.server.AbstractConnector - Started SelectChannelConnector@127.0.0.1:49428
2015-03-25 05:43:35,029 [Worker-6] INFO  o.e.m.c.i.l.LifecycleMappingFactory - Using org.eclipse.m2e.jdt.JarLifecycleMapping lifecycle mapping for MavenProject: de.proiectus:JobRoo:0.1.0.BUILD-SNAPSHOT @ C:\wsroo\JobRoo\pom.xml.
2015-03-25 05:43:44,467 [Worker-11] INFO  o.e.m.c.i.embedder.EclipseLogger - Using 'UTF-8' encoding to copy filtered resources.
2015-03-25 05:43:44,483 [Worker-11] INFO  o.e.m.c.i.embedder.EclipseLogger - Copying 2 resources
2015-03-25 05:43:44,514 [Worker-11] INFO  o.e.m.c.i.embedder.EclipseLogger - Using 'UTF-8' encoding to copy filtered resources.
2015-03-25 05:43:44,514 [Worker-11] INFO  o.e.m.c.i.embedder.EclipseLogger - skip non existing resourceDirectory C:\wsroo\JobRoo\src\test\resources
2015-03-25 05:46:25,556 [Worker-12] INFO  o.e.m.c.i.l.LifecycleMappingFactory - Using org.eclipse.m2e.jdt.JarLifecycleMapping lifecycle mapping for MavenProject: de.proiectus:Vokabeln:0.1.0.BUILD-SNAPSHOT @ C:\wsroo\Vokabeln\pom.xml.
2015-03-25 05:46:26,841 [Worker-12] INFO  o.e.m.j.i.AbstractJavaProjectConfigurator - Adding source folder /Vokabeln/src/main/java
2015-03-25 05:46:26,843 [Worker-12] INFO  o.e.m.j.i.AbstractJavaProjectConfigurator - Adding resource folder /Vokabeln/src/main/resources
2015-03-25 05:46:26,903 [Worker-12] INFO  o.e.m.j.i.AbstractJavaProjectConfigurator - Adding source folder /Vokabeln/src/test/java
2015-03-25 05:46:26,909 [Worker-12] WARN  o.m.i.e.a.AjdtProjectConfigurator - File /Vokabeln/src/main/aspect does not exist yet. Create it and re-run configuration.
2015-03-25 05:46:26,922 [Worker-12] WARN  o.m.i.e.a.AjdtProjectConfigurator - File /Vokabeln/src/main/aspect does not exist yet. Create it and re-run configuration.
2015-03-25 05:46:29,208 [Worker-12] INFO  o.e.m.c.i.p.ProjectConfigurationManager - Update started
2015-03-25 05:46:29,649 [Worker-17] INFO  o.e.m.c.i.l.LifecycleMappingFactory - Using org.eclipse.m2e.jdt.JarLifecycleMapping lifecycle mapping for MavenProject: de.proiectus:Vokabeln:0.1.0.BUILD-SNAPSHOT @ C:\wsroo\Vokabeln\pom.xml.
2015-03-25 05:46:31,140 [Worker-17] INFO  o.e.m.c.i.embedder.EclipseLogger - Using 'UTF-8' encoding to copy filtered resources.
2015-03-25 05:46:31,142 [Worker-17] INFO  o.e.m.c.i.embedder.EclipseLogger - Copying 2 resources
2015-03-25 05:46:31,169 [Worker-17] INFO  o.e.m.c.i.embedder.EclipseLogger - Using 'UTF-8' encoding to copy filtered resources.
2015-03-25 05:46:31,177 [Worker-17] INFO  o.e.m.c.i.embedder.EclipseLogger - skip non existing resourceDirectory C:\wsroo\Vokabeln\src\test\resources
2015-03-25 05:46:31,566 [Worker-12] INFO  o.e.m.c.i.l.LifecycleMappingFactory - Using org.eclipse.m2e.jdt.JarLifecycleMapping lifecycle mapping for MavenProject: de.proiectus:Vokabeln:0.1.0.BUILD-SNAPSHOT @ C:\wsroo\Vokabeln\pom.xml.
2015-03-25 05:46:33,164 [Worker-12] INFO  o.e.m.j.i.AbstractJavaProjectConfigurator - Adding source folder /Vokabeln/src/main/java
2015-03-25 05:46:33,165 [Worker-12] INFO  o.e.m.j.i.AbstractJavaProjectConfigurator - Adding resource folder /Vokabeln/src/main/resources
2015-03-25 05:46:33,354 [Worker-12] INFO  o.e.m.j.i.AbstractJavaProjectConfigurator - Adding source folder /Vokabeln/src/test/java
2015-03-25 05:46:33,366 [Worker-12] WARN  o.m.i.e.a.AjdtProjectConfigurator - File /Vokabeln/src/main/aspect does not exist yet. Create it and re-run configuration.
2015-03-25 05:46:33,388 [Worker-12] WARN  o.m.i.e.a.AjdtProjectConfigurator - File /Vokabeln/src/main/aspect does not exist yet. Create it and re-run configuration.
2015-03-25 05:46:33,753 [Worker-12] INFO  o.e.m.c.i.p.ProjectConfigurationManager - Update completed: 4 sec
2015-03-25 05:46:34,909 [Worker-16] INFO  o.e.m.c.i.embedder.EclipseLogger - Using 'UTF-8' encoding to copy filtered resources.
2015-03-25 05:46:34,912 [Worker-16] INFO  o.e.m.c.i.embedder.EclipseLogger - Copying 2 resources
2015-03-25 05:46:34,944 [Worker-16] INFO  o.e.m.c.i.embedder.EclipseLogger - Using 'UTF-8' encoding to copy filtered resources.
2015-03-25 05:46:34,957 [Worker-16] INFO  o.e.m.c.i.embedder.EclipseLogger - skip non existing resourceDirectory C:\wsroo\Vokabeln\src\test\resources
2015-03-25 05:48:54,518 [Worker-16] INFO  o.e.m.c.i.l.LifecycleMappingFactory - Using org.eclipse.m2e.jdt.JarLifecycleMapping lifecycle mapping for MavenProject: de.proiectus:Vokabeln:0.1.0.BUILD-SNAPSHOT @ C:\wsroo\Vokabeln\pom.xml.
2015-03-25 05:48:58,653 [Worker-16] INFO  o.e.m.c.i.embedder.EclipseLogger - Using 'UTF-8' encoding to copy filtered resources.
2015-03-25 05:48:58,665 [Worker-16] INFO  o.e.m.c.i.embedder.EclipseLogger - Copying 3 resources
2015-03-25 05:48:58,683 [Worker-16] INFO  o.e.m.c.i.embedder.EclipseLogger - Using 'UTF-8' encoding to copy filtered resources.
2015-03-25 05:48:58,692 [Worker-16] INFO  o.e.m.c.i.embedder.EclipseLogger - skip non existing resourceDirectory C:\wsroo\Vokabeln\src\test\resources
2015-03-25 05:52:03,255 [Worker-17] INFO  o.e.m.c.i.embedder.EclipseLogger - Using 'UTF-8' encoding to copy filtered resources.
2015-03-25 05:52:03,270 [Worker-17] INFO  o.e.m.c.i.embedder.EclipseLogger - Copying 4 resources
2015-03-25 05:52:03,285 [Worker-17] INFO  o.e.m.c.i.embedder.EclipseLogger - Using 'UTF-8' encoding to copy filtered resources.
2015-03-25 05:52:03,295 [Worker-17] INFO  o.e.m.c.i.embedder.EclipseLogger - skip non existing resourceDirectory C:\wsroo\Vokabeln\src\test\resources
2015-03-25 05:52:47,884 [Worker-16] INFO  o.e.m.c.i.embedder.EclipseLogger - Using 'UTF-8' encoding to copy filtered resources.
2015-03-25 05:52:47,889 [Worker-16] INFO  o.e.m.c.i.embedder.EclipseLogger - Copying 4 resources
2015-03-25 05:52:47,896 [Worker-16] INFO  o.e.m.c.i.embedder.EclipseLogger - Using 'UTF-8' encoding to copy filtered resources.
2015-03-25 05:52:47,904 [Worker-16] INFO  o.e.m.c.i.embedder.EclipseLogger - skip non existing resourceDirectory C:\wsroo\Vokabeln\src\test\resources
2015-03-25 05:53:08,238 [Worker-12] INFO  o.e.m.c.i.embedder.EclipseLogger - Using 'UTF-8' encoding to copy filtered resources.
2015-03-25 05:53:08,252 [Worker-12] INFO  o.e.m.c.i.embedder.EclipseLogger - Copying 4 resources
2015-03-25 05:53:08,268 [Worker-12] INFO  o.e.m.c.i.embedder.EclipseLogger - Using 'UTF-8' encoding to copy filtered resources.
2015-03-25 05:53:08,278 [Worker-12] INFO  o.e.m.c.i.embedder.EclipseLogger - skip non existing resourceDirectory C:\wsroo\Vokabeln\src\test\resources
2015-03-25 05:53:36,447 [Worker-15] INFO  o.e.m.c.i.embedder.EclipseLogger - Using 'UTF-8' encoding to copy filtered resources.
2015-03-25 05:53:36,451 [Worker-15] INFO  o.e.m.c.i.embedder.EclipseLogger - Copying 4 resources
2015-03-25 05:53:36,457 [Worker-15] INFO  o.e.m.c.i.embedder.EclipseLogger - Using 'UTF-8' encoding to copy filtered resources.
2015-03-25 05:53:36,467 [Worker-15] INFO  o.e.m.c.i.embedder.EclipseLogger - skip non existing resourceDirectory C:\wsroo\Vokabeln\src\test\resources
2015-03-25 05:53:46,838 [Worker-10] INFO  o.e.m.c.i.embedder.EclipseLogger - Using 'UTF-8' encoding to copy filtered resources.
2015-03-25 05:53:46,851 [Worker-10] INFO  o.e.m.c.i.embedder.EclipseLogger - Copying 4 resources
2015-03-25 05:53:46,871 [Worker-10] INFO  o.e.m.c.i.embedder.EclipseLogger - Using 'UTF-8' encoding to copy filtered resources.
2015-03-25 05:53:46,883 [Worker-10] INFO  o.e.m.c.i.embedder.EclipseLogger - skip non existing resourceDirectory C:\wsroo\Vokabeln\src\test\resources
2015-03-25 05:55:38,290 [Worker-16] INFO  o.e.m.c.i.embedder.EclipseLogger - Using 'UTF-8' encoding to copy filtered resources.
2015-03-25 05:55:38,295 [Worker-16] INFO  o.e.m.c.i.embedder.EclipseLogger - Copying 4 resources
2015-03-25 05:55:38,303 [Worker-16] INFO  o.e.m.c.i.embedder.EclipseLogger - Using 'UTF-8' encoding to copy filtered resources.
2015-03-25 05:55:38,312 [Worker-16] INFO  o.e.m.c.i.embedder.EclipseLogger - skip non existing resourceDirectory C:\wsroo\Vokabeln\src\test\resources
2015-03-25 05:56:37,674 [Worker-17] INFO  o.e.m.c.i.embedder.EclipseLogger - Using 'UTF-8' encoding to copy filtered resources.
2015-03-25 05:56:37,689 [Worker-17] INFO  o.e.m.c.i.embedder.EclipseLogger - Copying 4 resources
2015-03-25 05:56:37,706 [Worker-17] INFO  o.e.m.c.i.embedder.EclipseLogger - Using 'UTF-8' encoding to copy filtered resources.
2015-03-25 05:56:37,716 [Worker-17] INFO  o.e.m.c.i.embedder.EclipseLogger - skip non existing resourceDirectory C:\wsroo\Vokabeln\src\test\resources
2015-03-25 05:57:10,889 [Worker-19] INFO  o.e.m.c.i.l.LifecycleMappingFactory - Using org.maven.ide.eclipse.wtp.WarLifecycleMapping lifecycle mapping for MavenProject: de.proiectus:Vokabeln:0.1.0.BUILD-SNAPSHOT @ C:\wsroo\Vokabeln\pom.xml.
2015-03-25 05:57:19,110 [Worker-19] INFO  o.e.m.c.i.embedder.EclipseLogger - Using 'UTF-8' encoding to copy filtered resources.
2015-03-25 05:57:19,111 [Worker-19] INFO  o.e.m.c.i.embedder.EclipseLogger - Copying 0 resource
2015-03-25 05:57:19,125 [Worker-19] INFO  o.e.m.c.i.embedder.EclipseLogger - Using 'UTF-8' encoding to copy filtered resources.
2015-03-25 05:57:19,133 [Worker-19] INFO  o.e.m.c.i.embedder.EclipseLogger - skip non existing resourceDirectory C:\wsroo\Vokabeln\src\test\resources
2015-03-25 05:57:19,155 [Worker-19] INFO  o.e.m.w.i.f.ResourceFilteringBuildParticipant - Changed resources require a complete clean of filtered resources of Vokabeln
2015-03-25 05:57:19,157 [Worker-19] INFO  o.e.m.w.i.f.ResourceFilteringBuildParticipant - Executing resource filtering for Vokabeln
2015-03-25 05:57:19,185 [Worker-19] INFO  o.e.m.c.i.embedder.EclipseLogger - Using 'UTF-8' encoding to copy filtered resources.
2015-03-25 05:57:19,246 [Worker-15] INFO  o.e.m.c.i.p.ProjectConfigurationManager - Update started
2015-03-25 05:57:19,714 [Worker-15] INFO  o.e.m.c.i.l.LifecycleMappingFactory - Using org.maven.ide.eclipse.wtp.WarLifecycleMapping lifecycle mapping for MavenProject: de.proiectus:Vokabeln:0.1.0.BUILD-SNAPSHOT @ C:\wsroo\Vokabeln\pom.xml.
2015-03-25 05:57:23,010 [Worker-15] INFO  o.e.m.j.i.AbstractJavaProjectConfigurator - Adding source folder /Vokabeln/src/main/java
2015-03-25 05:57:23,020 [Worker-15] INFO  o.e.m.j.i.AbstractJavaProjectConfigurator - Adding resource folder /Vokabeln/src/main/resources
2015-03-25 05:57:23,023 [Worker-15] INFO  o.e.m.j.i.AbstractJavaProjectConfigurator - Adding source folder /Vokabeln/src/test/java
2015-03-25 05:57:23,046 [Worker-15] WARN  o.m.i.e.a.AjdtProjectConfigurator - File /Vokabeln/src/main/aspect does not exist yet. Create it and re-run configuration.
2015-03-25 05:57:23,074 [Worker-15] WARN  o.m.i.e.a.AjdtProjectConfigurator - File /Vokabeln/src/main/aspect does not exist yet. Create it and re-run configuration.
2015-03-25 05:57:30,751 [Worker-15] INFO  o.e.m.c.i.l.LifecycleMappingFactory - Using org.maven.ide.eclipse.wtp.WarLifecycleMapping lifecycle mapping for MavenProject: de.proiectus:Vokabeln:0.1.0.BUILD-SNAPSHOT @ C:\wsroo\Vokabeln\pom.xml.
2015-03-25 05:57:34,696 [Worker-15] INFO  o.e.m.w.i.f.ResourceFilteringBuildParticipant - Cleaning filtered folder for Vokabeln
2015-03-25 05:57:34,739 [Worker-15] INFO  o.e.m.c.i.p.ProjectConfigurationManager - Update completed: 15 sec
2015-03-25 05:57:35,358 [Worker-19] INFO  o.e.m.c.i.p.ProjectConfigurationManager - Update started
2015-03-25 05:57:35,740 [Worker-19] INFO  o.e.m.c.i.l.LifecycleMappingFactory - Using org.maven.ide.eclipse.wtp.WarLifecycleMapping lifecycle mapping for MavenProject: de.proiectus:Vokabeln:0.1.0.BUILD-SNAPSHOT @ C:\wsroo\Vokabeln\pom.xml.
2015-03-25 05:57:40,122 [Worker-19] INFO  o.e.m.j.i.AbstractJavaProjectConfigurator - Adding source folder /Vokabeln/src/main/java
2015-03-25 05:57:40,132 [Worker-19] INFO  o.e.m.j.i.AbstractJavaProjectConfigurator - Adding resource folder /Vokabeln/src/main/resources
2015-03-25 05:57:40,140 [Worker-19] INFO  o.e.m.j.i.AbstractJavaProjectConfigurator - Adding source folder /Vokabeln/src/test/java
2015-03-25 05:57:40,150 [Worker-19] WARN  o.m.i.e.a.AjdtProjectConfigurator - File /Vokabeln/src/main/aspect does not exist yet. Create it and re-run configuration.
2015-03-25 05:57:40,164 [Worker-19] WARN  o.m.i.e.a.AjdtProjectConfigurator - File /Vokabeln/src/main/aspect does not exist yet. Create it and re-run configuration.
2015-03-25 05:57:44,876 [Worker-19] INFO  o.e.m.c.i.l.LifecycleMappingFactory - Using org.maven.ide.eclipse.wtp.WarLifecycleMapping lifecycle mapping for MavenProject: de.proiectus:Vokabeln:0.1.0.BUILD-SNAPSHOT @ C:\wsroo\Vokabeln\pom.xml.
2015-03-25 05:57:48,616 [Worker-19] INFO  o.e.m.w.i.f.ResourceFilteringBuildParticipant - Cleaning filtered folder for Vokabeln
2015-03-25 05:57:48,639 [Worker-19] INFO  o.e.m.c.i.p.ProjectConfigurationManager - Update completed: 13 sec
2015-03-25 05:58:18,526 [Worker-12] INFO  o.e.m.c.i.embedder.EclipseLogger - Using 'UTF-8' encoding to copy filtered resources.
2015-03-25 05:58:18,539 [Worker-12] INFO  o.e.m.c.i.embedder.EclipseLogger - Copying 4 resources
2015-03-25 05:58:18,580 [Worker-12] INFO  o.e.m.c.i.embedder.EclipseLogger - Using 'UTF-8' encoding to copy filtered resources.
2015-03-25 05:58:18,589 [Worker-12] INFO  o.e.m.c.i.embedder.EclipseLogger - skip non existing resourceDirectory C:\wsroo\Vokabeln\src\test\resources
2015-03-25 05:58:29,046 [Worker-15] INFO  o.e.m.c.i.embedder.EclipseLogger - Using 'UTF-8' encoding to copy filtered resources.
2015-03-25 05:58:29,047 [Worker-15] INFO  o.e.m.c.i.embedder.EclipseLogger - Copying 0 resource
2015-03-25 05:58:29,052 [Worker-15] INFO  o.e.m.c.i.embedder.EclipseLogger - Using 'UTF-8' encoding to copy filtered resources.
2015-03-25 05:58:29,063 [Worker-15] INFO  o.e.m.c.i.embedder.EclipseLogger - skip non existing resourceDirectory C:\wsroo\Vokabeln\src\test\resources
2015-03-25 05:59:50,953 [Worker-11] INFO  o.e.m.w.i.f.ResourceFilteringBuildParticipant - Cleaning filtered folder for Vokabeln
2015-03-25 05:59:56,861 [Worker-16] INFO  o.e.m.c.i.embedder.EclipseLogger - Using 'UTF-8' encoding to copy filtered resources.
2015-03-25 05:59:56,871 [Worker-16] INFO  o.e.m.c.i.embedder.EclipseLogger - Copying 4 resources
2015-03-25 05:59:56,901 [Worker-16] INFO  o.e.m.c.i.embedder.EclipseLogger - Using 'UTF-8' encoding to copy filtered resources.
2015-03-25 05:59:56,901 [Worker-16] INFO  o.e.m.c.i.embedder.EclipseLogger - skip non existing resourceDirectory C:\wsroo\Vokabeln\src\test\resources
2015-03-25 06:02:27,206 [Worker-24] INFO  o.e.m.c.i.l.LifecycleMappingFactory - Using org.maven.ide.eclipse.wtp.WarLifecycleMapping lifecycle mapping for MavenProject: de.proiectus:Vokabeln:0.1.0.BUILD-SNAPSHOT @ C:\wsroo\Vokabeln\pom.xml.
2015-03-25 06:02:27,772 [Worker-24] WARN  o.e.m.c.i.embedder.EclipseLogger - The POM for postgresql:postgresql:jar:9.1-903.jdbc4 is missing, no dependency information available
2015-03-25 06:02:30,042 [Worker-24] WARN  o.e.m.c.i.embedder.EclipseLogger - The POM for postgresql:postgresql:jar:9.1-903.jdbc4 is missing, no dependency information available
2015-03-25 06:02:33,093 [Worker-24] INFO  o.e.m.c.i.embedder.EclipseLogger - Using 'UTF-8' encoding to copy filtered resources.
2015-03-25 06:02:33,102 [Worker-24] INFO  o.e.m.c.i.embedder.EclipseLogger - Copying 0 resource
2015-03-25 06:02:33,114 [Worker-24] INFO  o.e.m.c.i.embedder.EclipseLogger - Using 'UTF-8' encoding to copy filtered resources.
2015-03-25 06:02:33,122 [Worker-24] INFO  o.e.m.c.i.embedder.EclipseLogger - skip non existing resourceDirectory C:\wsroo\Vokabeln\src\test\resources
2015-03-25 06:02:33,122 [Worker-24] INFO  o.e.m.w.i.f.ResourceFilteringBuildParticipant - Changed resources require a complete clean of filtered resources of Vokabeln
2015-03-25 06:02:33,122 [Worker-24] INFO  o.e.m.w.i.f.ResourceFilteringBuildParticipant - Executing resource filtering for Vokabeln
2015-03-25 06:02:33,146 [Worker-24] INFO  o.e.m.c.i.embedder.EclipseLogger - Using 'UTF-8' encoding to copy filtered resources.
2015-03-25 06:02:38,864 [Worker-12] WARN  o.e.m.c.i.embedder.EclipseLogger - The POM for postgresql:postgresql:jar:9.1-903.jdbc4 is missing, no dependency information available
2015-03-25 06:02:40,223 [Worker-12] INFO  o.e.m.c.i.embedder.EclipseLogger - Using 'UTF-8' encoding to copy filtered resources.
2015-03-25 06:02:40,224 [Worker-12] INFO  o.e.m.c.i.embedder.EclipseLogger - Copying 0 resource
2015-03-25 06:02:40,230 [Worker-12] INFO  o.e.m.c.i.embedder.EclipseLogger - Using 'UTF-8' encoding to copy filtered resources.
2015-03-25 06:02:40,231 [Worker-12] INFO  o.e.m.c.i.embedder.EclipseLogger - skip non existing resourceDirectory C:\wsroo\Vokabeln\src\test\resources
2015-03-25 06:05:28,821 [Worker-28] INFO  o.e.m.c.i.embedder.EclipseLogger - Using 'UTF-8' encoding to copy filtered resources.
2015-03-25 06:05:28,824 [Worker-28] INFO  o.e.m.c.i.embedder.EclipseLogger - Copying 1 resource
2015-03-25 06:05:28,838 [Worker-28] INFO  o.e.m.c.i.embedder.EclipseLogger - Using 'UTF-8' encoding to copy filtered resources.
2015-03-25 06:05:28,847 [Worker-28] INFO  o.e.m.c.i.embedder.EclipseLogger - skip non existing resourceDirectory C:\wsroo\Vokabeln\src\test\resources
2015-03-25 06:31:39,941 [Start Help Server] INFO  org.eclipse.jetty.server.Server - jetty-8.1.14.v20131031
2015-03-25 06:31:40,093 [Start Help Server] INFO  o.e.jetty.server.AbstractConnector - Started SelectChannelConnector@127.0.0.1:49457
2015-03-25 06:39:20,776 [Worker-11] INFO  o.e.m.c.i.embedder.EclipseLogger - Using 'UTF-8' encoding to copy filtered resources.
2015-03-25 06:39:20,778 [Worker-11] INFO  o.e.m.c.i.embedder.EclipseLogger - Copying 0 resource
2015-03-25 06:39:20,793 [Worker-11] INFO  o.e.m.c.i.embedder.EclipseLogger - Using 'UTF-8' encoding to copy filtered resources.
2015-03-25 06:39:20,802 [Worker-11] INFO  o.e.m.c.i.embedder.EclipseLogger - skip non existing resourceDirectory C:\wsroo\Vokabeln\src\test\resources
2015-03-25 06:53:31,308 [Stop Help Server] INFO  o.e.j.server.handler.ContextHandler - stopped o.e.j.s.ServletContextHandler{/help,null}
2015-03-25 16:01:50,689 [Worker-6] WARN  o.e.m.c.i.embedder.EclipseLogger - The POM for postgresql:postgresql:jar:9.1-903.jdbc4 is missing, no dependency information available
2015-03-25 16:57:12,437 [Worker-14] WARN  o.e.m.c.i.embedder.EclipseLogger - The POM for postgresql:postgresql:jar:9.1-903.jdbc4 is missing, no dependency information available
2015-03-25 16:57:42,540 [Worker-12] INFO  o.e.m.c.i.embedder.EclipseLogger - Using 'UTF-8' encoding to copy filtered resources.
2015-03-25 16:57:42,556 [Worker-12] INFO  o.e.m.c.i.embedder.EclipseLogger - Copying 4 resources
2015-03-25 16:57:42,587 [Worker-12] INFO  o.e.m.c.i.embedder.EclipseLogger - Using 'UTF-8' encoding to copy filtered resources.
2015-03-25 16:57:42,587 [Worker-12] INFO  o.e.m.c.i.embedder.EclipseLogger - skip non existing resourceDirectory C:\wsroo\Vokabeln\src\test\resources
2015-03-25 17:12:01,770 [Start Help Server] INFO  org.eclipse.jetty.server.Server - jetty-8.1.14.v20131031
2015-03-25 17:12:02,020 [Start Help Server] INFO  o.e.jetty.server.AbstractConnector - Started SelectChannelConnector@127.0.0.1:49432
2015-03-25 19:09:43,577 [Stop Help Server] INFO  o.e.j.server.handler.ContextHandler - stopped o.e.j.s.ServletContextHandler{/help,null}
2015-03-26 13:17:01,394 [Worker-21] WARN  o.e.m.c.i.embedder.EclipseLogger - The POM for postgresql:postgresql:jar:9.1-903.jdbc4 is missing, no dependency information available
2015-03-26 13:17:08,160 [Worker-21] INFO  o.e.m.c.i.embedder.EclipseLogger - Using 'UTF-8' encoding to copy filtered resources.
2015-03-26 13:17:08,176 [Worker-21] INFO  o.e.m.c.i.embedder.EclipseLogger - Copying 4 resources
2015-03-26 13:17:08,238 [Worker-21] INFO  o.e.m.c.i.embedder.EclipseLogger - Using 'UTF-8' encoding to copy filtered resources.
2015-03-26 13:17:08,238 [Worker-21] INFO  o.e.m.c.i.embedder.EclipseLogger - skip non existing resourceDirectory C:\wsroo\Vokabeln\src\test\resources
2015-03-26 18:06:53,992 [Worker-0] WARN  o.e.m.c.i.embedder.EclipseLogger - The POM for postgresql:postgresql:jar:9.1-903.jdbc4 is missing, no dependency information available
2015-03-26 18:07:00,164 [Worker-0] INFO  o.e.m.c.i.embedder.EclipseLogger - Using 'UTF-8' encoding to copy filtered resources.
2015-03-26 18:07:00,179 [Worker-0] INFO  o.e.m.c.i.embedder.EclipseLogger - Copying 4 resources
2015-03-26 18:07:00,211 [Worker-0] INFO  o.e.m.c.i.embedder.EclipseLogger - Using 'UTF-8' encoding to copy filtered resources.
2015-03-26 18:07:00,211 [Worker-0] INFO  o.e.m.c.i.embedder.EclipseLogger - skip non existing resourceDirectory C:\wsroo\Vokabeln\src\test\resources
2015-03-27 06:34:14,829 [Start Help Server] INFO  org.eclipse.jetty.server.Server - jetty-8.1.14.v20131031
2015-03-27 06:34:15,126 [Start Help Server] INFO  o.e.jetty.server.AbstractConnector - Started SelectChannelConnector@127.0.0.1:49420
2015-03-27 06:42:51,553 [Worker-14] WARN  o.e.m.c.i.embedder.EclipseLogger - The POM for postgresql:postgresql:jar:9.1-903.jdbc4 is missing, no dependency information available
2015-03-27 06:42:57,147 [Worker-14] INFO  o.e.m.c.i.embedder.EclipseLogger - Using 'UTF-8' encoding to copy filtered resources.
2015-03-27 06:42:57,162 [Worker-14] INFO  o.e.m.c.i.embedder.EclipseLogger - Copying 4 resources
2015-03-27 06:42:57,193 [Worker-14] INFO  o.e.m.c.i.embedder.EclipseLogger - Using 'UTF-8' encoding to copy filtered resources.
2015-03-27 06:42:57,193 [Worker-14] INFO  o.e.m.c.i.embedder.EclipseLogger - skip non existing resourceDirectory C:\wsroo\Vokabeln\src\test\resources
2015-03-27 06:49:01,363 [Worker-14] INFO  o.e.m.c.i.embedder.EclipseLogger - Using 'UTF-8' encoding to copy filtered resources.
2015-03-27 06:49:01,379 [Worker-14] INFO  o.e.m.c.i.embedder.EclipseLogger - Copying 1 resource
2015-03-27 06:49:01,394 [Worker-14] INFO  o.e.m.c.i.embedder.EclipseLogger - Using 'UTF-8' encoding to copy filtered resources.
2015-03-27 06:49:01,394 [Worker-14] INFO  o.e.m.c.i.embedder.EclipseLogger - skip non existing resourceDirectory C:\wsroo\Vokabeln\src\test\resources
2015-03-27 06:55:23,683 [Stop Help Server] INFO  o.e.j.server.handler.ContextHandler - stopped o.e.j.s.ServletContextHandler{/help,null}
2015-03-27 13:02:15,357 [Start Help Server] INFO  org.eclipse.jetty.server.Server - jetty-8.1.14.v20131031
2015-03-27 13:02:15,669 [Start Help Server] INFO  o.e.jetty.server.AbstractConnector - Started SelectChannelConnector@127.0.0.1:49420
2015-03-27 13:12:26,957 [Stop Help Server] INFO  o.e.j.server.handler.ContextHandler - stopped o.e.j.s.ServletContextHandler{/help,null}
2015-03-27 16:02:39,929 [Start Help Server] INFO  org.eclipse.jetty.server.Server - jetty-8.1.14.v20131031
2015-03-27 16:02:40,070 [Start Help Server] INFO  o.e.jetty.server.AbstractConnector - Started SelectChannelConnector@127.0.0.1:49577
2015-03-27 16:08:50,679 [Worker-9] WARN  o.e.m.c.i.embedder.EclipseLogger - The POM for postgresql:postgresql:jar:9.1-903.jdbc4 is missing, no dependency information available
2015-03-27 16:08:56,289 [Worker-9] INFO  o.e.m.c.i.embedder.EclipseLogger - Using 'UTF-8' encoding to copy filtered resources.
2015-03-27 16:08:56,304 [Worker-9] INFO  o.e.m.c.i.embedder.EclipseLogger - Copying 4 resources
2015-03-27 16:08:56,335 [Worker-9] INFO  o.e.m.c.i.embedder.EclipseLogger - Using 'UTF-8' encoding to copy filtered resources.
2015-03-27 16:08:56,335 [Worker-9] INFO  o.e.m.c.i.embedder.EclipseLogger - skip non existing resourceDirectory C:\wsroo\Vokabeln\src\test\resources
2015-03-27 16:45:07,420 [Stop Help Server] INFO  o.e.j.server.handler.ContextHandler - stopped o.e.j.s.ServletContextHandler{/help,null}
2015-04-01 14:17:26,354 [Worker-8] WARN  o.e.m.c.i.embedder.EclipseLogger - The POM for postgresql:postgresql:jar:9.1-903.jdbc4 is missing, no dependency information available
2015-04-01 14:17:32,479 [Worker-8] INFO  o.e.m.c.i.embedder.EclipseLogger - Using 'UTF-8' encoding to copy filtered resources.
2015-04-01 14:17:32,495 [Worker-8] INFO  o.e.m.c.i.embedder.EclipseLogger - Copying 4 resources
2015-04-01 14:17:32,558 [Worker-8] INFO  o.e.m.c.i.embedder.EclipseLogger - Using 'UTF-8' encoding to copy filtered resources.
2015-04-01 14:17:32,558 [Worker-8] INFO  o.e.m.c.i.embedder.EclipseLogger - skip non existing resourceDirectory C:\wsroo\Vokabeln\src\test\resources
2015-04-01 16:14:03,001 [Worker-12] WARN  o.e.m.c.i.embedder.EclipseLogger - The POM for postgresql:postgresql:jar:9.1-903.jdbc4 is missing, no dependency information available
2015-04-01 16:14:05,752 [Worker-12] INFO  o.e.m.c.i.embedder.EclipseLogger - Using 'UTF-8' encoding to copy filtered resources.
2015-04-01 16:14:05,767 [Worker-12] INFO  o.e.m.c.i.embedder.EclipseLogger - Copying 4 resources
2015-04-01 16:14:05,798 [Worker-12] INFO  o.e.m.c.i.embedder.EclipseLogger - Using 'UTF-8' encoding to copy filtered resources.
2015-04-01 16:14:05,798 [Worker-12] INFO  o.e.m.c.i.embedder.EclipseLogger - skip non existing resourceDirectory C:\wsroo\Vokabeln\src\test\resources
2015-04-05 22:20:20,494 [Worker-4] WARN  o.e.m.c.i.embedder.EclipseLogger - The POM for postgresql:postgresql:jar:9.1-903.jdbc4 is missing, no dependency information available
2015-04-05 22:20:26,588 [Worker-4] INFO  o.e.m.c.i.embedder.EclipseLogger - Using 'UTF-8' encoding to copy filtered resources.
2015-04-05 22:20:26,603 [Worker-4] INFO  o.e.m.c.i.embedder.EclipseLogger - Copying 4 resources
2015-04-05 22:20:26,666 [Worker-4] INFO  o.e.m.c.i.embedder.EclipseLogger - Using 'UTF-8' encoding to copy filtered resources.
2015-04-05 22:20:26,666 [Worker-4] INFO  o.e.m.c.i.embedder.EclipseLogger - skip non existing resourceDirectory C:\wsroo\Vokabeln\src\test\resources
2015-04-07 06:29:34,428 [Worker-12] WARN  o.e.m.c.i.embedder.EclipseLogger - The POM for postgresql:postgresql:jar:9.1-903.jdbc4 is missing, no dependency information available
2015-04-07 06:29:39,990 [Worker-12] INFO  o.e.m.c.i.embedder.EclipseLogger - Using 'UTF-8' encoding to copy filtered resources.
2015-04-07 06:29:40,006 [Worker-12] INFO  o.e.m.c.i.embedder.EclipseLogger - Copying 4 resources
2015-04-07 06:29:40,053 [Worker-12] INFO  o.e.m.c.i.embedder.EclipseLogger - Using 'UTF-8' encoding to copy filtered resources.
2015-04-07 06:29:40,068 [Worker-12] INFO  o.e.m.c.i.embedder.EclipseLogger - skip non existing resourceDirectory C:\wsroo\Vokabeln\src\test\resources
2015-04-07 17:01:24,565 [Worker-11] WARN  o.e.m.c.i.embedder.EclipseLogger - The POM for postgresql:postgresql:jar:9.1-903.jdbc4 is missing, no dependency information available
2015-04-07 17:01:30,300 [Worker-11] INFO  o.e.m.c.i.embedder.EclipseLogger - Using 'UTF-8' encoding to copy filtered resources.
2015-04-07 17:01:30,316 [Worker-11] INFO  o.e.m.c.i.embedder.EclipseLogger - Copying 4 resources
2015-04-07 17:01:30,331 [Worker-11] INFO  o.e.m.c.i.embedder.EclipseLogger - Using 'UTF-8' encoding to copy filtered resources.
2015-04-07 17:01:30,331 [Worker-11] INFO  o.e.m.c.i.embedder.EclipseLogger - skip non existing resourceDirectory C:\wsroo\Vokabeln\src\test\resources
